<?xml version="1.0" encoding="UTF-8"?>
<testng-results ignored="0" total="1" passed="1" failed="0" skipped="0">
  <reporter-output>
  </reporter-output>
  <suite started-at="2023-03-02T19:45:23 IST" name="Default suite" finished-at="2023-03-02T19:45:54 IST" duration-ms="30476">
    <groups>
    </groups>
    <test started-at="2023-03-02T19:45:23 IST" name="Default test" finished-at="2023-03-02T19:45:54 IST" duration-ms="30476">
      <class name="TestNg.LoginOrangeHrm">
        <test-method signature="validateLogin()[pri:0, instance:TestNg.LoginOrangeHrm@40ef3420]" started-at="2023-03-02T19:45:23 IST" name="validateLogin" finished-at="2023-03-02T19:45:54 IST" duration-ms="30403" status="PASS">
          <reporter-output>
          </reporter-output>
        </test-method> <!-- validateLogin -->
      </class> <!-- TestNg.LoginOrangeHrm -->
    </test> <!-- Default test -->
  </suite> <!-- Default suite -->
</testng-results>
